<?xml version="1.0" encoding="UTF-8"?>
<!-- Generated by org.testng.reporters.JUnitReportReporter -->
<testsuite hostname="hp" failures="0" tests="1" name="com.practise.testing.MyPractise" time="5.716" errors="0" timestamp="2023-01-04T17:26:28 IST" skipped="0">
  <testcase classname="com.practise.testing.MyPractise" name="practiseSearch" time="5.716"/>
  <system-out/>
</testsuite> <!-- com.practise.testing.MyPractise -->
