<?xml version="1.0" encoding="UTF-8"?>
<!-- Generated by org.testng.reporters.JUnitReportReporter -->
<testsuite hostname="hp" failures="0" tests="5" name="com.google.testing.TestGoogleSearch" time="41.017" errors="0" timestamp="2022-11-23T17:09:18 IST" skipped="4">
  <testcase classname="com.google.testing.TestGoogleSearch" name="switchWindow" time="41.017"/>
  <system-out/>
  <testcase classname="com.google.testing.TestGoogleSearch" name="searchSelinium">
    <skipped/>
  </testcase> <!-- searchSelinium -->
  <system-out/>
  <testcase classname="com.google.testing.TestGoogleSearch" name="upload">
    <skipped/>
  </testcase> <!-- upload -->
  <system-out/>
  <testcase classname="com.google.testing.TestGoogleSearch" name="navigationSearch">
    <skipped/>
  </testcase> <!-- navigationSearch -->
  <system-out/>
  <testcase classname="com.google.testing.TestGoogleSearch" name="brokenUrl">
    <skipped/>
  </testcase> <!-- brokenUrl -->
  <system-out/>
</testsuite> <!-- com.google.testing.TestGoogleSearch -->
